# JRE version: Java(TM) SE Runtime Environment (16.0.2+7) (build 16.0.2+7-67)
# Java VM: Java HotSpot(TM) 64-Bit Server VM (16.0.2+7-67, mixed mode, sharing, tiered, compressed oops, compressed class ptrs, g1 gc, windows-amd64)
GC Precious Log:
 CPUs: 4 total, 4 available
 Memory: 3950M
 Large Page Support: Disabled
 NUMA Support: Disabled
 Compressed Oops: Enabled (32-bit)
 Heap Region Size: 1M
 Heap Min Capacity: 8M
 Heap Initial Capacity: 62M
 Heap Max Capacity: 988M
 Pre-touch: Disabled
 Parallel Workers: 4
 Concurrent Workers: 1
 Concurrent Refinement Workers: 4
 Periodic GC: Disabled
Heap:
 garbage-first heap   total 63488K, used 38200K [0x00000000c2400000, 0x0000000100000000)
  region size 1024K, 26 young (26624K), 3 survivors (3072K)
 Metaspace       used 19182K, committed 19392K, reserved 1073152K
  class space    used 2374K, committed 2496K, reserved 1048576K
GC Heap History (10 events):
Event: 3.508 GC heap before
{Heap before GC invocations=0 (full 0):
 garbage-first heap   total 63488K, used 14336K [0x00000000c2400000, 0x0000000100000000)
  region size 1024K, 13 young (13312K), 0 survivors (0K)
 Metaspace       used 627K, committed 832K, reserved 1056768K
  class space    used 20K, committed 128K, reserved 1048576K
}
Event: 3.522 GC heap after
{Heap after GC invocations=1 (full 0):
 garbage-first heap   total 63488K, used 8874K [0x00000000c2400000, 0x0000000100000000)
  region size 1024K, 2 young (2048K), 2 survivors (2048K)
 Metaspace       used 627K, committed 832K, reserved 1056768K
  class space    used 20K, committed 128K, reserved 1048576K
}
Event: 10.671 GC heap before
{Heap before GC invocations=1 (full 0):
 garbage-first heap   total 63488K, used 19114K [0x00000000c2400000, 0x0000000100000000)
  region size 1024K, 13 young (13312K), 2 survivors (2048K)
 Metaspace       used 3120K, committed 3328K, reserved 1056768K
  class space    used 274K, committed 384K, reserved 1048576K
}
Event: 10.685 GC heap after
{Heap after GC invocations=2 (full 0):
 garbage-first heap   total 63488K, used 11669K [0x00000000c2400000, 0x0000000100000000)
  region size 1024K, 2 young (2048K), 2 survivors (2048K)
 Metaspace       used 3120K, committed 3328K, reserved 1056768K
  class space    used 274K, committed 384K, reserved 1048576K
}
Event: 17.272 GC heap before
{Heap before GC invocations=2 (full 0):
 garbage-first heap   total 63488K, used 28053K [0x00000000c2400000, 0x0000000100000000)
  region size 1024K, 19 young (19456K), 2 survivors (2048K)
 Metaspace       used 8002K, committed 8128K, reserved 1056768K
  class space    used 922K, committed 960K, reserved 1048576K
}
Event: 17.291 GC heap after
{Heap after GC invocations=3 (full 0):
 garbage-first heap   total 63488K, used 13396K [0x00000000c2400000, 0x0000000100000000)
  region size 1024K, 2 young (2048K), 2 survivors (2048K)
 Metaspace       used 8002K, committed 8128K, reserved 1056768K
  class space    used 922K, committed 960K, reserved 1048576K
}
Event: 21.115 GC heap before
{Heap before GC invocations=3 (full 0):
 garbage-first heap   total 63488K, used 35924K [0x00000000c2400000, 0x0000000100000000)
  region size 1024K, 25 young (25600K), 2 survivors (2048K)
 Metaspace       used 13612K, committed 13760K, reserved 1064960K
  class space    used 1729K, committed 1792K, reserved 1048576K
}
Event: 21.125 GC heap after
{Heap after GC invocations=4 (full 0):
 garbage-first heap   total 63488K, used 14798K [0x00000000c2400000, 0x0000000100000000)
  region size 1024K, 3 young (3072K), 3 survivors (3072K)
 Metaspace       used 13612K, committed 13760K, reserved 1064960K
  class space    used 1729K, committed 1792K, reserved 1048576K
}
Event: 22.448 GC heap before
{Heap before GC invocations=4 (full 0):
 garbage-first heap   total 63488K, used 41422K [0x00000000c2400000, 0x0000000100000000)
  region size 1024K, 30 young (30720K), 3 survivors (3072K)
 Metaspace       used 15002K, committed 15296K, reserved 1064960K
  class space    used 1944K, committed 2112K, reserved 1048576K
}
Event: 22.460 GC heap after
{Heap after GC invocations=5 (full 0):
 garbage-first heap   total 63488K, used 15672K [0x00000000c2400000, 0x0000000100000000)
  region size 1024K, 3 young (3072K), 3 survivors (3072K)
 Metaspace       used 15002K, committed 15296K, reserved 1064960K
  class space    used 1944K, committed 2112K, reserved 1048576K
}

