# JRE version: Java(TM) SE Runtime Environment (16.0.2+7) (build 16.0.2+7-67)
# Java VM: Java HotSpot(TM) 64-Bit Server VM (16.0.2+7-67, mixed mode, sharing, tiered, compressed oops, compressed class ptrs, g1 gc, windows-amd64)
GC Precious Log:
 CPUs: 4 total, 4 available
 Memory: 3950M
 Large Page Support: Disabled
 NUMA Support: Disabled
 Compressed Oops: Enabled (32-bit)
 Heap Region Size: 1M
 Heap Min Capacity: 8M
 Heap Initial Capacity: 62M
 Heap Max Capacity: 988M
 Pre-touch: Disabled
 Parallel Workers: 4
 Concurrent Workers: 1
 Concurrent Refinement Workers: 4
 Periodic GC: Disabled
Heap:
 garbage-first heap   total 58368K, used 21553K [0x00000000c2400000, 0x0000000100000000)
  region size 1024K, 8 young (8192K), 4 survivors (4096K)
 Metaspace       used 25898K, committed 26240K, reserved 1073152K
  class space    used 3221K, committed 3392K, reserved 1048576K
GC Heap History (14 events):
Event: 4.476 GC heap before
{Heap before GC invocations=0 (full 0):
 garbage-first heap   total 63488K, used 14336K [0x00000000c2400000, 0x0000000100000000)
  region size 1024K, 13 young (13312K), 0 survivors (0K)
 Metaspace       used 622K, committed 832K, reserved 1056768K
  class space    used 20K, committed 128K, reserved 1048576K
}
Event: 4.487 GC heap after
{Heap after GC invocations=1 (full 0):
 garbage-first heap   total 63488K, used 8430K [0x00000000c2400000, 0x0000000100000000)
  region size 1024K, 2 young (2048K), 2 survivors (2048K)
 Metaspace       used 622K, committed 832K, reserved 1056768K
  class space    used 20K, committed 128K, reserved 1048576K
}
Event: 10.040 GC heap before
{Heap before GC invocations=1 (full 0):
 garbage-first heap   total 63488K, used 18670K [0x00000000c2400000, 0x0000000100000000)
  region size 1024K, 13 young (13312K), 2 survivors (2048K)
 Metaspace       used 3126K, committed 3328K, reserved 1056768K
  class space    used 274K, committed 384K, reserved 1048576K
}
Event: 10.056 GC heap after
{Heap after GC invocations=2 (full 0):
 garbage-first heap   total 63488K, used 11119K [0x00000000c2400000, 0x0000000100000000)
  region size 1024K, 2 young (2048K), 2 survivors (2048K)
 Metaspace       used 3126K, committed 3328K, reserved 1056768K
  class space    used 274K, committed 384K, reserved 1048576K
}
Event: 14.755 GC heap before
{Heap before GC invocations=2 (full 0):
 garbage-first heap   total 63488K, used 27503K [0x00000000c2400000, 0x0000000100000000)
  region size 1024K, 19 young (19456K), 2 survivors (2048K)
 Metaspace       used 8006K, committed 8128K, reserved 1056768K
  class space    used 923K, committed 960K, reserved 1048576K
}
Event: 14.778 GC heap after
{Heap after GC invocations=3 (full 0):
 garbage-first heap   total 63488K, used 12718K [0x00000000c2400000, 0x0000000100000000)
  region size 1024K, 2 young (2048K), 2 survivors (2048K)
 Metaspace       used 8006K, committed 8128K, reserved 1056768K
  class space    used 923K, committed 960K, reserved 1048576K
}
Event: 23.703 GC heap before
{Heap before GC invocations=3 (full 0):
 garbage-first heap   total 63488K, used 36270K [0x00000000c2400000, 0x0000000100000000)
  region size 1024K, 26 young (26624K), 2 survivors (2048K)
 Metaspace       used 13752K, committed 13952K, reserved 1064960K
  class space    used 1730K, committed 1792K, reserved 1048576K
}
Event: 23.715 GC heap after
{Heap after GC invocations=4 (full 0):
 garbage-first heap   total 63488K, used 14127K [0x00000000c2400000, 0x0000000100000000)
  region size 1024K, 3 young (3072K), 3 survivors (3072K)
 Metaspace       used 13752K, committed 13952K, reserved 1064960K
  class space    used 1730K, committed 1792K, reserved 1048576K
}
Event: 24.764 GC heap before
{Heap before GC invocations=4 (full 0):
 garbage-first heap   total 63488K, used 41775K [0x00000000c2400000, 0x0000000100000000)
  region size 1024K, 31 young (31744K), 3 survivors (3072K)
 Metaspace       used 15119K, committed 15360K, reserved 1064960K
  class space    used 1953K, committed 2048K, reserved 1048576K
}
Event: 24.775 GC heap after
{Heap after GC invocations=5 (full 0):
 garbage-first heap   total 63488K, used 15012K [0x00000000c2400000, 0x0000000100000000)
  region size 1024K, 3 young (3072K), 3 survivors (3072K)
 Metaspace       used 15119K, committed 15360K, reserved 1064960K
  class space    used 1953K, committed 2048K, reserved 1048576K
}
Event: 26.692 GC heap before
{Heap before GC invocations=5 (full 0):
 garbage-first heap   total 63488K, used 41636K [0x00000000c2400000, 0x0000000100000000)
  region size 1024K, 30 young (30720K), 3 survivors (3072K)
 Metaspace       used 19950K, committed 20224K, reserved 1073152K
  class space    used 2459K, committed 2560K, reserved 1048576K
}
Event: 26.702 GC heap after
{Heap after GC invocations=6 (full 0):
 garbage-first heap   total 63488K, used 16330K [0x00000000c2400000, 0x0000000100000000)
  region size 1024K, 3 young (3072K), 3 survivors (3072K)
 Metaspace       used 19950K, committed 20224K, reserved 1073152K
  class space    used 2459K, committed 2560K, reserved 1048576K
}
Event: 27.055 GC heap before
{Heap before GC invocations=6 (full 0):
 garbage-first heap   total 63488K, used 23498K [0x00000000c2400000, 0x0000000100000000)
  region size 1024K, 11 young (11264K), 3 survivors (3072K)
 Metaspace       used 20974K, committed 21248K, reserved 1073152K
  class space    used 2600K, committed 2752K, reserved 1048576K
}
Event: 27.065 GC heap after
{Heap after GC invocations=7 (full 0):
 garbage-first heap   total 63488K, used 16789K [0x00000000c2400000, 0x0000000100000000)
  region size 1024K, 2 young (2048K), 2 survivors (2048K)
 Metaspace       used 20974K, committed 21248K, reserved 1073152K
  class space    used 2600K, committed 2752K, reserved 1048576K
}

